2025-10-03 10:38:46,051 p=16 u=root n=ansible | {"/usr/share/ansible/collections/ansible_collections": {"amazon.aws": {"version": "3.2.0"}, "ansible.controller": {"version": "4.2.1"}, "ansible.netcommon": {"version": "3.0.0"}, "ansible.network": {"version": "1.2.0"}, "ansible.posix": {"version": "1.3.0"}, "ansible.security": {"version": "1.0.0"}, "ansible.utils": {"version": "2.6.1"}, "ansible.windows": {"version": "1.9.0"}, "ansible.yang": {"version": "1.0.0"}, "arista.eos": {"version": "5.0.0"}, "cisco.asa": {"version": "3.0.0"}, "cisco.ios": {"version": "3.0.0"}, "cisco.iosxr": {"version": "3.0.0"}, "cisco.nxos": {"version": "3.0.0"}, "cloud.common": {"version": "2.1.1"}, "frr.frr": {"version": "2.0.0"}, "ibm.qradar": {"version": "2.0.0"}, "junipernetworks.junos": {"version": "3.0.0"}, "kubernetes.core": {"version": "2.2.3"}, "openvswitch.openvswitch": {"version": "2.1.0"}, "redhat.insights": {"version": "1.0.7"}, "redhat.openshift": {"version": "2.1.0"}, "redhat.rhv": {"version": "1.6.5"}, "redhat.satellite": {"version": "3.3.0"}, "servicenow.itsm": {"version": "1.3.3"}, "splunk.es": {"version": "2.0.0"}, "trendmicro.deepsec": {"version": "2.0.0"}, "vmware.vmware_rest": {"version": "2.1.5"}, "vyos.vyos": {"version": "3.0.0"}}, "/home/student/grid/collections/ansible_collections": {"cisco.catalystwan": {"version": "0.3.1"}, "ansible.memsource": {"version": "1.0.1"}, "redhat.rhel_system_roles": {"version": "1.19.3"}}}
2025-10-03 10:38:47,348 p=21 u=root n=ansible | PLAY [Install Web Server] ******************************************************
2025-10-03 10:38:48,057 p=21 u=root n=ansible | Perform task: TASK: Install Web Server (N)o/(y)es/(c)ontinue: ******************
2025-10-03 10:38:48,058 p=21 u=root n=ansible | TASK [Install Web Server] ******************************************************
2025-10-03 10:38:49,719 p=21 u=root n=ansible | ok: [servera.lab.example.com]
2025-10-03 10:38:49,728 p=21 u=root n=ansible | TASK [Deploy Web App] **********************************************************
2025-10-03 10:38:50,746 p=21 u=root n=ansible | ok: [servera.lab.example.com]
2025-10-03 10:38:50,756 p=21 u=root n=ansible | TASK [Start Web Service] *******************************************************
2025-10-03 10:38:52,333 p=21 u=root n=ansible | ok: [servera.lab.example.com]
2025-10-03 10:38:52,350 p=21 u=root n=ansible | PLAY RECAP *********************************************************************
2025-10-03 10:38:52,350 p=21 u=root n=ansible | servera.lab.example.com    : ok=3    changed=0    unreachable=0    failed=0    skipped=0    rescued=0    ignored=0   
2025-10-03 10:39:18,402 p=16 u=root n=ansible | {"/home/student/grid/collections/ansible_collections": {"cisco.catalystwan": {"version": "0.3.1"}, "ansible.memsource": {"version": "1.0.1"}, "redhat.rhel_system_roles": {"version": "1.19.3"}}, "/usr/share/ansible/collections/ansible_collections": {"amazon.aws": {"version": "3.2.0"}, "ansible.controller": {"version": "4.2.1"}, "ansible.netcommon": {"version": "3.0.0"}, "ansible.network": {"version": "1.2.0"}, "ansible.posix": {"version": "1.3.0"}, "ansible.security": {"version": "1.0.0"}, "ansible.utils": {"version": "2.6.1"}, "ansible.windows": {"version": "1.9.0"}, "ansible.yang": {"version": "1.0.0"}, "arista.eos": {"version": "5.0.0"}, "cisco.asa": {"version": "3.0.0"}, "cisco.ios": {"version": "3.0.0"}, "cisco.iosxr": {"version": "3.0.0"}, "cisco.nxos": {"version": "3.0.0"}, "cloud.common": {"version": "2.1.1"}, "frr.frr": {"version": "2.0.0"}, "ibm.qradar": {"version": "2.0.0"}, "junipernetworks.junos": {"version": "3.0.0"}, "kubernetes.core": {"version": "2.2.3"}, "openvswitch.openvswitch": {"version": "2.1.0"}, "redhat.insights": {"version": "1.0.7"}, "redhat.openshift": {"version": "2.1.0"}, "redhat.rhv": {"version": "1.6.5"}, "redhat.satellite": {"version": "3.3.0"}, "servicenow.itsm": {"version": "1.3.3"}, "splunk.es": {"version": "2.0.0"}, "trendmicro.deepsec": {"version": "2.0.0"}, "vmware.vmware_rest": {"version": "2.1.5"}, "vyos.vyos": {"version": "3.0.0"}}}
2025-10-03 10:39:19,664 p=21 u=root n=ansible | PLAY [Install Web Server] *****************************************************************
2025-10-03 10:39:22,787 p=21 u=root n=ansible | Perform task: TASK: Install Web Server (N)o/(y)es/(c)ontinue: *****************************
2025-10-03 10:39:22,787 p=21 u=root n=ansible | TASK [Install Web Server] *****************************************************************
2025-10-03 10:39:24,390 p=21 u=root n=ansible | ok: [servera.lab.example.com]
2025-10-03 10:39:24,399 p=21 u=root n=ansible | TASK [Deploy Web App] *********************************************************************
2025-10-03 10:39:25,411 p=21 u=root n=ansible | ok: [servera.lab.example.com]
2025-10-03 10:39:25,421 p=21 u=root n=ansible | TASK [Start Web Service] ******************************************************************
2025-10-03 10:39:27,044 p=21 u=root n=ansible | ok: [servera.lab.example.com]
2025-10-03 10:39:27,062 p=21 u=root n=ansible | PLAY RECAP ********************************************************************************
2025-10-03 10:39:27,062 p=21 u=root n=ansible | servera.lab.example.com    : ok=3    changed=0    unreachable=0    failed=0    skipped=0    rescued=0    ignored=0   
2025-10-03 10:44:20,114 p=16 u=root n=ansible | {"/home/student/grid/collections/ansible_collections": {"cisco.catalystwan": {"version": "0.3.1"}, "ansible.memsource": {"version": "1.0.1"}, "redhat.rhel_system_roles": {"version": "1.19.3"}}, "/usr/share/ansible/collections/ansible_collections": {"amazon.aws": {"version": "3.2.0"}, "ansible.controller": {"version": "4.2.1"}, "ansible.netcommon": {"version": "3.0.0"}, "ansible.network": {"version": "1.2.0"}, "ansible.posix": {"version": "1.3.0"}, "ansible.security": {"version": "1.0.0"}, "ansible.utils": {"version": "2.6.1"}, "ansible.windows": {"version": "1.9.0"}, "ansible.yang": {"version": "1.0.0"}, "arista.eos": {"version": "5.0.0"}, "cisco.asa": {"version": "3.0.0"}, "cisco.ios": {"version": "3.0.0"}, "cisco.iosxr": {"version": "3.0.0"}, "cisco.nxos": {"version": "3.0.0"}, "cloud.common": {"version": "2.1.1"}, "frr.frr": {"version": "2.0.0"}, "ibm.qradar": {"version": "2.0.0"}, "junipernetworks.junos": {"version": "3.0.0"}, "kubernetes.core": {"version": "2.2.3"}, "openvswitch.openvswitch": {"version": "2.1.0"}, "redhat.insights": {"version": "1.0.7"}, "redhat.openshift": {"version": "2.1.0"}, "redhat.rhv": {"version": "1.6.5"}, "redhat.satellite": {"version": "3.3.0"}, "servicenow.itsm": {"version": "1.3.3"}, "splunk.es": {"version": "2.0.0"}, "trendmicro.deepsec": {"version": "2.0.0"}, "vmware.vmware_rest": {"version": "2.1.5"}, "vyos.vyos": {"version": "3.0.0"}}}
2025-10-03 10:44:21,350 p=21 u=root n=ansible | PLAY [Check Mode Web Server] ***************************************************
2025-10-03 10:44:21,373 p=21 u=root n=ansible | TASK [Install Web Server] ******************************************************
2025-10-03 10:44:22,577 p=21 u=root n=ansible | fatal: [servera.lab.example.com]: FAILED! => {"ansible_facts": {"discovered_interpreter_python": "/usr/bin/python3"}, "changed": false, "msg": "This command has to be run under the root user.", "results": []}
2025-10-03 10:44:22,580 p=21 u=root n=ansible | PLAY RECAP *********************************************************************
2025-10-03 10:44:22,580 p=21 u=root n=ansible | servera.lab.example.com    : ok=0    changed=0    unreachable=0    failed=1    skipped=0    rescued=0    ignored=0   
2025-10-03 10:44:34,098 p=16 u=root n=ansible | {"/usr/share/ansible/collections/ansible_collections": {"amazon.aws": {"version": "3.2.0"}, "ansible.controller": {"version": "4.2.1"}, "ansible.netcommon": {"version": "3.0.0"}, "ansible.network": {"version": "1.2.0"}, "ansible.posix": {"version": "1.3.0"}, "ansible.security": {"version": "1.0.0"}, "ansible.utils": {"version": "2.6.1"}, "ansible.windows": {"version": "1.9.0"}, "ansible.yang": {"version": "1.0.0"}, "arista.eos": {"version": "5.0.0"}, "cisco.asa": {"version": "3.0.0"}, "cisco.ios": {"version": "3.0.0"}, "cisco.iosxr": {"version": "3.0.0"}, "cisco.nxos": {"version": "3.0.0"}, "cloud.common": {"version": "2.1.1"}, "frr.frr": {"version": "2.0.0"}, "ibm.qradar": {"version": "2.0.0"}, "junipernetworks.junos": {"version": "3.0.0"}, "kubernetes.core": {"version": "2.2.3"}, "openvswitch.openvswitch": {"version": "2.1.0"}, "redhat.insights": {"version": "1.0.7"}, "redhat.openshift": {"version": "2.1.0"}, "redhat.rhv": {"version": "1.6.5"}, "redhat.satellite": {"version": "3.3.0"}, "servicenow.itsm": {"version": "1.3.3"}, "splunk.es": {"version": "2.0.0"}, "trendmicro.deepsec": {"version": "2.0.0"}, "vmware.vmware_rest": {"version": "2.1.5"}, "vyos.vyos": {"version": "3.0.0"}}, "/home/student/grid/collections/ansible_collections": {"cisco.catalystwan": {"version": "0.3.1"}, "ansible.memsource": {"version": "1.0.1"}, "redhat.rhel_system_roles": {"version": "1.19.3"}}}
2025-10-03 10:44:35,349 p=21 u=root n=ansible | PLAY [Check Mode Web Server] ***************************************************
2025-10-03 10:44:35,372 p=21 u=root n=ansible | TASK [Install Web Server] ******************************************************
2025-10-03 10:44:37,013 p=21 u=root n=ansible | changed: [servera.lab.example.com]
2025-10-03 10:44:37,021 p=21 u=root n=ansible | TASK [Deploy Web App] **********************************************************
2025-10-03 10:44:37,545 p=21 u=root n=ansible | changed: [servera.lab.example.com]
2025-10-03 10:44:37,555 p=21 u=root n=ansible | TASK [Start Web Service] *******************************************************
2025-10-03 10:44:39,142 p=21 u=root n=ansible | fatal: [servera.lab.example.com]: FAILED! => {"changed": false, "msg": "Could not find the requested service httpd: host"}
2025-10-03 10:44:39,144 p=21 u=root n=ansible | PLAY RECAP *********************************************************************
2025-10-03 10:44:39,145 p=21 u=root n=ansible | servera.lab.example.com    : ok=2    changed=2    unreachable=0    failed=1    skipped=0    rescued=0    ignored=0   
2025-10-03 10:45:58,545 p=16 u=root n=ansible | {"/usr/share/ansible/collections/ansible_collections": {"amazon.aws": {"version": "3.2.0"}, "ansible.controller": {"version": "4.2.1"}, "ansible.netcommon": {"version": "3.0.0"}, "ansible.network": {"version": "1.2.0"}, "ansible.posix": {"version": "1.3.0"}, "ansible.security": {"version": "1.0.0"}, "ansible.utils": {"version": "2.6.1"}, "ansible.windows": {"version": "1.9.0"}, "ansible.yang": {"version": "1.0.0"}, "arista.eos": {"version": "5.0.0"}, "cisco.asa": {"version": "3.0.0"}, "cisco.ios": {"version": "3.0.0"}, "cisco.iosxr": {"version": "3.0.0"}, "cisco.nxos": {"version": "3.0.0"}, "cloud.common": {"version": "2.1.1"}, "frr.frr": {"version": "2.0.0"}, "ibm.qradar": {"version": "2.0.0"}, "junipernetworks.junos": {"version": "3.0.0"}, "kubernetes.core": {"version": "2.2.3"}, "openvswitch.openvswitch": {"version": "2.1.0"}, "redhat.insights": {"version": "1.0.7"}, "redhat.openshift": {"version": "2.1.0"}, "redhat.rhv": {"version": "1.6.5"}, "redhat.satellite": {"version": "3.3.0"}, "servicenow.itsm": {"version": "1.3.3"}, "splunk.es": {"version": "2.0.0"}, "trendmicro.deepsec": {"version": "2.0.0"}, "vmware.vmware_rest": {"version": "2.1.5"}, "vyos.vyos": {"version": "3.0.0"}}, "/home/student/grid/collections/ansible_collections": {"cisco.catalystwan": {"version": "0.3.1"}, "ansible.memsource": {"version": "1.0.1"}, "redhat.rhel_system_roles": {"version": "1.19.3"}}}
2025-10-03 10:45:59,843 p=21 u=root n=ansible | PLAY [Check Mode Web Server] ***************************************************
2025-10-03 10:45:59,867 p=21 u=root n=ansible | TASK [Install Web Server] ******************************************************
2025-10-03 10:46:01,459 p=21 u=root n=ansible | changed: [servera.lab.example.com]
2025-10-03 10:46:01,468 p=21 u=root n=ansible | TASK [Deploy Web App] **********************************************************
2025-10-03 10:46:02,057 p=21 u=root n=ansible | changed: [servera.lab.example.com]
2025-10-03 10:46:02,066 p=21 u=root n=ansible | TASK [Start Web Service] *******************************************************
2025-10-03 10:46:03,655 p=21 u=root n=ansible | fatal: [servera.lab.example.com]: FAILED! => {"changed": false, "msg": "Could not find the requested service httpd: host"}
2025-10-03 10:46:03,659 p=21 u=root n=ansible | PLAY RECAP *********************************************************************
2025-10-03 10:46:03,659 p=21 u=root n=ansible | servera.lab.example.com    : ok=2    changed=2    unreachable=0    failed=1    skipped=0    rescued=0    ignored=0   
2025-10-03 10:46:41,387 p=16 u=root n=ansible | {"/usr/share/ansible/collections/ansible_collections": {"amazon.aws": {"version": "3.2.0"}, "ansible.controller": {"version": "4.2.1"}, "ansible.netcommon": {"version": "3.0.0"}, "ansible.network": {"version": "1.2.0"}, "ansible.posix": {"version": "1.3.0"}, "ansible.security": {"version": "1.0.0"}, "ansible.utils": {"version": "2.6.1"}, "ansible.windows": {"version": "1.9.0"}, "ansible.yang": {"version": "1.0.0"}, "arista.eos": {"version": "5.0.0"}, "cisco.asa": {"version": "3.0.0"}, "cisco.ios": {"version": "3.0.0"}, "cisco.iosxr": {"version": "3.0.0"}, "cisco.nxos": {"version": "3.0.0"}, "cloud.common": {"version": "2.1.1"}, "frr.frr": {"version": "2.0.0"}, "ibm.qradar": {"version": "2.0.0"}, "junipernetworks.junos": {"version": "3.0.0"}, "kubernetes.core": {"version": "2.2.3"}, "openvswitch.openvswitch": {"version": "2.1.0"}, "redhat.insights": {"version": "1.0.7"}, "redhat.openshift": {"version": "2.1.0"}, "redhat.rhv": {"version": "1.6.5"}, "redhat.satellite": {"version": "3.3.0"}, "servicenow.itsm": {"version": "1.3.3"}, "splunk.es": {"version": "2.0.0"}, "trendmicro.deepsec": {"version": "2.0.0"}, "vmware.vmware_rest": {"version": "2.1.5"}, "vyos.vyos": {"version": "3.0.0"}}, "/home/student/grid/collections/ansible_collections": {"cisco.catalystwan": {"version": "0.3.1"}, "ansible.memsource": {"version": "1.0.1"}, "redhat.rhel_system_roles": {"version": "1.19.3"}}}
2025-10-03 10:46:42,661 p=21 u=root n=ansible | PLAY [Check Mode Web Server] ***************************************************
2025-10-03 10:46:59,385 p=16 u=root n=ansible | {"/home/student/grid/collections/ansible_collections": {"cisco.catalystwan": {"version": "0.3.1"}, "ansible.memsource": {"version": "1.0.1"}, "redhat.rhel_system_roles": {"version": "1.19.3"}}, "/usr/share/ansible/collections/ansible_collections": {"amazon.aws": {"version": "3.2.0"}, "ansible.controller": {"version": "4.2.1"}, "ansible.netcommon": {"version": "3.0.0"}, "ansible.network": {"version": "1.2.0"}, "ansible.posix": {"version": "1.3.0"}, "ansible.security": {"version": "1.0.0"}, "ansible.utils": {"version": "2.6.1"}, "ansible.windows": {"version": "1.9.0"}, "ansible.yang": {"version": "1.0.0"}, "arista.eos": {"version": "5.0.0"}, "cisco.asa": {"version": "3.0.0"}, "cisco.ios": {"version": "3.0.0"}, "cisco.iosxr": {"version": "3.0.0"}, "cisco.nxos": {"version": "3.0.0"}, "cloud.common": {"version": "2.1.1"}, "frr.frr": {"version": "2.0.0"}, "ibm.qradar": {"version": "2.0.0"}, "junipernetworks.junos": {"version": "3.0.0"}, "kubernetes.core": {"version": "2.2.3"}, "openvswitch.openvswitch": {"version": "2.1.0"}, "redhat.insights": {"version": "1.0.7"}, "redhat.openshift": {"version": "2.1.0"}, "redhat.rhv": {"version": "1.6.5"}, "redhat.satellite": {"version": "3.3.0"}, "servicenow.itsm": {"version": "1.3.3"}, "splunk.es": {"version": "2.0.0"}, "trendmicro.deepsec": {"version": "2.0.0"}, "vmware.vmware_rest": {"version": "2.1.5"}, "vyos.vyos": {"version": "3.0.0"}}}
2025-10-03 10:47:00,615 p=21 u=root n=ansible | PLAY [Check Mode Web Server] **************************************************************
2025-10-03 10:47:02,492 p=21 u=root n=ansible | Perform task: TASK: Install Web Server (N)o/(y)es/(c)ontinue: *****************************
2025-10-03 10:47:02,493 p=21 u=root n=ansible | TASK [Install Web Server] *****************************************************************
2025-10-03 10:47:07,811 p=21 u=root n=ansible | changed: [servera.lab.example.com]
2025-10-03 10:47:22,839 p=21 u=root n=ansible | Perform task: TASK: Deploy Web App (N)o/(y)es/(c)ontinue: *********************************
2025-10-03 10:47:22,840 p=21 u=root n=ansible | TASK [Deploy Web App] *********************************************************************
2025-10-03 10:47:23,480 p=21 u=root n=ansible | changed: [servera.lab.example.com]
2025-10-03 10:47:43,763 p=21 u=root n=ansible | Perform task: TASK: Start Web Service (N)o/(y)es/(c)ontinue: ******************************
2025-10-03 10:47:43,764 p=21 u=root n=ansible | TASK [Start Web Service] ******************************************************************
2025-10-03 10:47:45,553 p=21 u=root n=ansible | changed: [servera.lab.example.com]
2025-10-03 10:48:00,007 p=21 u=root n=ansible | Perform task: TASK: permit traffic for httpd (N)o/(y)es/(c)ontinue: ***********************
2025-10-03 10:48:00,008 p=21 u=root n=ansible | TASK [permit traffic for httpd] ***********************************************************
2025-10-03 10:48:00,745 p=21 u=root n=ansible | changed: [servera.lab.example.com]
2025-10-03 10:48:00,762 p=21 u=root n=ansible | PLAY RECAP ********************************************************************************
2025-10-03 10:48:00,762 p=21 u=root n=ansible | servera.lab.example.com    : ok=4    changed=4    unreachable=0    failed=0    skipped=0    rescued=0    ignored=0   
2025-10-03 10:50:40,724 p=16 u=root n=ansible | {"/usr/share/ansible/collections/ansible_collections": {"amazon.aws": {"version": "3.2.0"}, "ansible.controller": {"version": "4.2.1"}, "ansible.netcommon": {"version": "3.0.0"}, "ansible.network": {"version": "1.2.0"}, "ansible.posix": {"version": "1.3.0"}, "ansible.security": {"version": "1.0.0"}, "ansible.utils": {"version": "2.6.1"}, "ansible.windows": {"version": "1.9.0"}, "ansible.yang": {"version": "1.0.0"}, "arista.eos": {"version": "5.0.0"}, "cisco.asa": {"version": "3.0.0"}, "cisco.ios": {"version": "3.0.0"}, "cisco.iosxr": {"version": "3.0.0"}, "cisco.nxos": {"version": "3.0.0"}, "cloud.common": {"version": "2.1.1"}, "frr.frr": {"version": "2.0.0"}, "ibm.qradar": {"version": "2.0.0"}, "junipernetworks.junos": {"version": "3.0.0"}, "kubernetes.core": {"version": "2.2.3"}, "openvswitch.openvswitch": {"version": "2.1.0"}, "redhat.insights": {"version": "1.0.7"}, "redhat.openshift": {"version": "2.1.0"}, "redhat.rhv": {"version": "1.6.5"}, "redhat.satellite": {"version": "3.3.0"}, "servicenow.itsm": {"version": "1.3.3"}, "splunk.es": {"version": "2.0.0"}, "trendmicro.deepsec": {"version": "2.0.0"}, "vmware.vmware_rest": {"version": "2.1.5"}, "vyos.vyos": {"version": "3.0.0"}}, "/home/student/grid/collections/ansible_collections": {"cisco.catalystwan": {"version": "0.3.1"}, "ansible.memsource": {"version": "1.0.1"}, "redhat.rhel_system_roles": {"version": "1.19.3"}}}
2025-10-03 10:50:41,986 p=21 u=root n=ansible | PLAY [Template Demo] **********************************************************************
2025-10-03 10:50:42,002 p=21 u=root n=ansible | TASK [Gathering Facts] ********************************************************************
2025-10-03 10:50:43,516 p=21 u=root n=ansible | ok: [servera.lab.example.com]
2025-10-03 10:50:43,536 p=21 u=root n=ansible | TASK [Deploy Template File] ***************************************************************
2025-10-03 10:50:44,865 p=21 u=root n=ansible | [0;31m--- before: /tmp/servera.html[0m
[0;31m[0m[0;32m+++ after: /home/runner/.ansible/tmp/ansible-local-21d914w5iv/tmp503t3qiv/simple.j2[0m
[0;32m[0m[0;36m@@ -7,8 +7,8 @@[0m
[0;36m[0m      Arch1           = x86_64
      Arch2           = x86_64
      Arch3           = x86_64
[0;31m-     Date            = 2025-10-02[0m
[0;31m[0m[0;31m-     Time            = 04:10:43[0m
[0;31m[0m[0;32m+     Date            = 2025-10-03[0m
[0;32m[0m[0;32m+     Time            = 06:50:43[0m
[0;32m[0m      IP Address      = 172.25.250.10
      Mac Address     = 52:54:00:00:fa:0a
      VDA Size        = 10.00 GB
[0;36m@@ -18,7 +18,7 @@[0m
[0;36m[0m      Hostname        = servera
      Kernel          = 5.14.0-70.13.1.el9_0.x86_64
      Total Memory    = 960
[0;31m-     Free Memory     = 340[0m
[0;31m[0m[0;32m+     Free Memory     = 350[0m
[0;32m[0m      Python Ver      = 3.9.10
      User Name       = erik
      Dept Manager    = jonathan


2025-10-03 10:50:44,866 p=21 u=root n=ansible | changed: [servera.lab.example.com]
2025-10-03 10:50:44,892 p=21 u=root n=ansible | PLAY RECAP ********************************************************************************
2025-10-03 10:50:44,892 p=21 u=root n=ansible | servera.lab.example.com    : ok=2    changed=1    unreachable=0    failed=0    skipped=0    rescued=0    ignored=0   
2025-10-03 06:54:37,631 p=82317 u=student n=ansible | servera.lab.example.com | CHANGED | rc=0 >>
sangmin:x:2000:2000::/home/sangmin:/bin/bash
apache:x:48:48:Apache:/usr/share/httpd:/sbin/nologin

